<?xml version="1.0" encoding="UTF-8"?>
<!-- Generated by org.testng.reporters.JUnitXMLReporter -->
<testsuite ignored="0" hostname="DESKTOP-I97QUNF" failures="0" tests="8" name="Test2" time="359.887" errors="0" timestamp="2024-07-11T11:55:32 IST">
  <testcase classname="TestNG1assignment.Bike" name="KTM" time="19.829"/>
  <testcase classname="TestNG1assignment.Bike" name="R15" time="140.183"/>
  <testcase classname="TestNG1assignment.Bike" name="heroHonda" time="61.229"/>
  <testcase classname="TestNG1assignment.Bike" name="karizma" time="16.454"/>
  <testcase classname="TestNG1assignment.Bike" name="royalEnfield" time="19.529"/>
  <testcase classname="TestNgAnnotations.Bike2" name="heroHonda" time="44.051"/>
  <testcase classname="TestNgAnnotations.Bike3" name="heroHonda" time="29.767"/>
  <testcase classname="TestNgAnnotations.Bike1" name="heroHonda" time="28.797"/>
</testsuite> <!-- Test2 -->
