<?xml version="1.0" encoding="UTF-8"?>
<!-- Generated by org.testng.reporters.JUnitXMLReporter -->
<testsuite ignored="0" hostname="DESKTOP-I97QUNF" failures="0" tests="8" name="Test" time="475.342" errors="0" timestamp="2024-07-20T10:54:20 IST">
  <testcase classname="TestNG1assignment.Bike" name="KTM" time="98.243"/>
  <testcase classname="TestNG1assignment.Bike" name="R15" time="151.951"/>
  <testcase classname="TestNG1assignment.Bike" name="heroHonda" time="57.236"/>
  <testcase classname="TestNG1assignment.Bike" name="karizma" time="24.404"/>
  <testcase classname="TestNG1assignment.Bike" name="royalEnfield" time="30.788"/>
  <testcase classname="TestNgAnnotations.Bike2" name="heroHonda" time="43.702"/>
  <testcase classname="TestNgAnnotations.Bike3" name="heroHonda" time="34.222"/>
  <testcase classname="TestNgAnnotations.Bike1" name="heroHonda" time="34.661"/>
</testsuite> <!-- Test -->
